<?xml version="1.0" encoding="UTF-8"?>
<testng-results ignored="0" total="1" passed="1" failed="0" skipped="0">
  <reporter-output>
  </reporter-output>
  <suite started-at="2020-02-29T23:53:25 BDT" name="Default suite" finished-at="2020-02-29T23:54:03 BDT" duration-ms="37902">
    <groups>
    </groups>
    <test started-at="2020-02-29T23:53:25 BDT" name="Default test" finished-at="2020-02-29T23:54:03 BDT" duration-ms="37902">
      <class name="MavenProject.Maven.HomePage">
        <test-method signature="basePageNavigation()[pri:0, instance:MavenProject.Maven.HomePage@175b9425]" started-at="2020-02-29T23:53:25 BDT" name="basePageNavigation" finished-at="2020-02-29T23:54:03 BDT" duration-ms="37801" status="PASS">
          <reporter-output>
          </reporter-output>
        </test-method> <!-- basePageNavigation -->
      </class> <!-- MavenProject.Maven.HomePage -->
    </test> <!-- Default test -->
  </suite> <!-- Default suite -->
</testng-results>
